
ROM used:   102/8192 (1%)
            102/8192 (1%) including unused fragments

            0.1 Average locations per line
            7.3 Average locations per statement

RAM used:   6/368 (2%) at main() level
            7/368 (2%) worst case

Stack used: 0 worst case (0 in main + 0 for interrupts)
Stack size: 8

Lines Stmts  %   Files
----- ----- ---  -----
   27    14 100  main.c
   10     0   0  main.h
  661     0   0  ..\..\..\..\..\..\Program Files (x86)\PICC\Devices\16F877A.h
----- -----
  698    14 Total

Page ROM  %  RAM   Vol Diff  Functions:
---- --- --- ---   --- ----  ----------
0     20  20    1             @delay_ms1
0     78  76    1   268  1.9  main
 Inline         0             @cinit1

Program metrics:
    Functions               1
    Statements              14
    Comments                110
    Volume (V)              272
    Difficulty (D)          1.7
    Effort to implement (E) 470
    Time to implement (T)   0 minutes
    Est Delivered Bugs (B)  0
    Cyclomatic Complexity   1
    Maintainability (MI)    73

 Segment     Used  Free
-----------  ----  ----
00000-00003     4  0  
00004-007FF    98  1946  
00800-00FFF     0  2048  
01000-017FF     0  2048  
01800-01FFF     0  2048  



